Peifengs-MacBook-Air:starts Peifeng$ mvn test
[INFO] Scanning for projects...
[WARNING]
[WARNING] Some problems were encountered while building the effective model for edu.illinois:starts-core:jar:1.4-SNAPSHOT
[WARNING] 'build.plugins.plugin.version' for org.apache.maven.plugins:maven-compiler-plugin is missing. @ edu.illinois:starts:1.4-SNAPSHOT, /Users/Peifeng/Desktop/Study/Topics-in-Software-Engineering/GitLab/evosuite/case_study/starts/pom.xml, line 197, column 15
[WARNING]
[WARNING] Some problems were encountered while building the effective model for edu.illinois:starts-maven-plugin:maven-plugin:1.4-SNAPSHOT
[WARNING] 'build.plugins.plugin.version' for org.apache.maven.plugins:maven-compiler-plugin is missing. @ edu.illinois:starts:1.4-SNAPSHOT, /Users/Peifeng/Desktop/Study/Topics-in-Software-Engineering/GitLab/evosuite/case_study/starts/pom.xml, line 197, column 15
[WARNING] 'build.plugins.plugin.version' for org.apache.maven.plugins:maven-surefire-plugin is missing. @ line 33, column 14
[WARNING]
[WARNING] Some problems were encountered while building the effective model for edu.illinois:starts:pom:1.4-SNAPSHOT
[WARNING] 'build.plugins.plugin.version' for org.apache.maven.plugins:maven-compiler-plugin is missing. @ line 197, column 15
[WARNING]
[WARNING] It is highly recommended to fix these problems because they threaten the stability of your build.
[WARNING]
[WARNING] For this reason, future Maven versions might no longer support building such malformed projects.
[WARNING]
[INFO] Inspecting build with total of 3 modules...
[INFO] Installing Nexus Staging features:
[INFO]   ... total of 3 executions of maven-deploy-plugin replaced with nexus-staging-maven-plugin
[INFO] ------------------------------------------------------------------------
[INFO] Reactor Build Order:
[INFO]
[INFO] STARTS
[INFO] starts-core
[INFO] STARTS Maven Plugin
[INFO]
[INFO] ------------------------------------------------------------------------
[INFO] Building STARTS 1.4-SNAPSHOT
[INFO] ------------------------------------------------------------------------
[INFO]
[INFO] --- maven-checkstyle-plugin:2.17:check (validate) @ starts ---
[INFO] Starting audit...
Audit done.
[INFO]
[INFO] --- jacoco-maven-plugin:0.7.8:prepare-agent (pre-unit-test) @ starts ---
[INFO] argLine set to -javaagent:/Users/Peifeng/.m2/repository/org/jacoco/org.jacoco.agent/0.7.8/org.jacoco.agent-0.7.8-runtime.jar=destfile=/Users/Peifeng/Desktop/Study/Topics-in-Software-Engineering/GitLab/evosuite/case_study/starts/target/jacoco.exec
[INFO]
[INFO] --- build-helper-maven-plugin:1.8:add-test-source (add-test-source) @ starts ---
[INFO] Test Source directory: /Users/Peifeng/Desktop/Study/Topics-in-Software-Engineering/GitLab/evosuite/case_study/starts/src/test/evosuite} added.
[INFO]
[INFO] --- jacoco-maven-plugin:0.7.8:report (post-unit-test) @ starts ---
[INFO] Skipping JaCoCo execution due to missing execution data file.
[INFO]
[INFO] ------------------------------------------------------------------------
[INFO] Building starts-core 1.4-SNAPSHOT
[INFO] ------------------------------------------------------------------------
[INFO]
[INFO] --- maven-checkstyle-plugin:2.17:check (validate) @ starts-core ---
[INFO] Starting audit...
[WARN] /Users/Peifeng/Desktop/Study/Topics-in-Software-Engineering/GitLab/evosuite/case_study/starts/starts-core/src/main/java/edu/illinois/starts/data/ZLCData.java:21:5: Missing a Javadoc comment. [JavadocMethod]
[WARN] /Users/Peifeng/Desktop/Study/Topics-in-Software-Engineering/GitLab/evosuite/case_study/starts/starts-core/src/main/java/edu/illinois/starts/helpers/Cache.java:35:5: Missing a Javadoc comment. [JavadocMethod]
[WARN] /Users/Peifeng/Desktop/Study/Topics-in-Software-Engineering/GitLab/evosuite/case_study/starts/starts-core/src/main/java/edu/illinois/starts/helpers/EkstaziHelper.java:30:5: Missing a Javadoc comment. [JavadocMethod]
[WARN] /Users/Peifeng/Desktop/Study/Topics-in-Software-Engineering/GitLab/evosuite/case_study/starts/starts-core/src/main/java/edu/illinois/starts/helpers/EkstaziHelper.java:55:5: Missing a Javadoc comment. [JavadocMethod]
[WARN] /Users/Peifeng/Desktop/Study/Topics-in-Software-Engineering/GitLab/evosuite/case_study/starts/starts-core/src/main/java/edu/illinois/starts/helpers/FileUtil.java:13:5: Missing a Javadoc comment. [JavadocMethod]
[WARN] /Users/Peifeng/Desktop/Study/Topics-in-Software-Engineering/GitLab/evosuite/case_study/starts/starts-core/src/main/java/edu/illinois/starts/helpers/Loadables.java:43:5: Missing a Javadoc comment. [JavadocMethod]
[WARN] /Users/Peifeng/Desktop/Study/Topics-in-Software-Engineering/GitLab/evosuite/case_study/starts/starts-core/src/main/java/edu/illinois/starts/helpers/Loadables.java:64:5: Missing a Javadoc comment. [JavadocMethod]
[WARN] /Users/Peifeng/Desktop/Study/Topics-in-Software-Engineering/GitLab/evosuite/case_study/starts/starts-core/src/main/java/edu/illinois/starts/helpers/Loadables.java:78:5: Missing a Javadoc comment. [JavadocMethod]
[WARN] /Users/Peifeng/Desktop/Study/Topics-in-Software-Engineering/GitLab/evosuite/case_study/starts/starts-core/src/main/java/edu/illinois/starts/helpers/Loadables.java:160:5: Missing a Javadoc comment. [JavadocMethod]
[WARN] /Users/Peifeng/Desktop/Study/Topics-in-Software-Engineering/GitLab/evosuite/case_study/starts/starts-core/src/main/java/edu/illinois/starts/helpers/Loadables.java:207:5: Missing a Javadoc comment. [JavadocMethod]
[WARN] /Users/Peifeng/Desktop/Study/Topics-in-Software-Engineering/GitLab/evosuite/case_study/starts/starts-core/src/main/java/edu/illinois/starts/helpers/PomUtil.java:24:5: Missing a Javadoc comment. [JavadocMethod]
[WARN] /Users/Peifeng/Desktop/Study/Topics-in-Software-Engineering/GitLab/evosuite/case_study/starts/starts-core/src/main/java/edu/illinois/starts/helpers/PomUtil.java:34:5: Missing a Javadoc comment. [JavadocMethod]
[WARN] /Users/Peifeng/Desktop/Study/Topics-in-Software-Engineering/GitLab/evosuite/case_study/starts/starts-core/src/main/java/edu/illinois/starts/helpers/PomUtil.java:53:5: Missing a Javadoc comment. [JavadocMethod]
[WARN] /Users/Peifeng/Desktop/Study/Topics-in-Software-Engineering/GitLab/evosuite/case_study/starts/starts-core/src/main/java/edu/illinois/starts/helpers/PomUtil.java:59:5: Missing a Javadoc comment. [JavadocMethod]
[WARN] /Users/Peifeng/Desktop/Study/Topics-in-Software-Engineering/GitLab/evosuite/case_study/starts/starts-core/src/main/java/edu/illinois/starts/helpers/PomUtil.java:71:5: Missing a Javadoc comment. [JavadocMethod]
[WARN] /Users/Peifeng/Desktop/Study/Topics-in-Software-Engineering/GitLab/evosuite/case_study/starts/starts-core/src/main/java/edu/illinois/starts/helpers/PomUtil.java:83:5: Missing a Javadoc comment. [JavadocMethod]
[WARN] /Users/Peifeng/Desktop/Study/Topics-in-Software-Engineering/GitLab/evosuite/case_study/starts/starts-core/src/main/java/edu/illinois/starts/helpers/RTSUtil.java:32:5: Missing a Javadoc comment. [JavadocMethod]
[WARN] /Users/Peifeng/Desktop/Study/Topics-in-Software-Engineering/GitLab/evosuite/case_study/starts/starts-core/src/main/java/edu/illinois/starts/helpers/RTSUtil.java:40:5: Missing a Javadoc comment. [JavadocMethod]
[WARN] /Users/Peifeng/Desktop/Study/Topics-in-Software-Engineering/GitLab/evosuite/case_study/starts/starts-core/src/main/java/edu/illinois/starts/helpers/RTSUtil.java:75:5: Missing a Javadoc comment. [JavadocMethod]
[WARN] /Users/Peifeng/Desktop/Study/Topics-in-Software-Engineering/GitLab/evosuite/case_study/starts/starts-core/src/main/java/edu/illinois/starts/helpers/RTSUtil.java:83:5: Missing a Javadoc comment. [JavadocMethod]
[WARN] /Users/Peifeng/Desktop/Study/Topics-in-Software-Engineering/GitLab/evosuite/case_study/starts/starts-core/src/main/java/edu/illinois/starts/helpers/Writer.java:38:5: Missing a Javadoc comment. [JavadocMethod]
[WARN] /Users/Peifeng/Desktop/Study/Topics-in-Software-Engineering/GitLab/evosuite/case_study/starts/starts-core/src/main/java/edu/illinois/starts/helpers/Writer.java:52:5: Missing a Javadoc comment. [JavadocMethod]
[WARN] /Users/Peifeng/Desktop/Study/Topics-in-Software-Engineering/GitLab/evosuite/case_study/starts/starts-core/src/main/java/edu/illinois/starts/helpers/Writer.java:66:5: Missing a Javadoc comment. [JavadocMethod]
[WARN] /Users/Peifeng/Desktop/Study/Topics-in-Software-Engineering/GitLab/evosuite/case_study/starts/starts-core/src/main/java/edu/illinois/starts/helpers/Writer.java:102:5: Missing a Javadoc comment. [JavadocMethod]
[WARN] /Users/Peifeng/Desktop/Study/Topics-in-Software-Engineering/GitLab/evosuite/case_study/starts/starts-core/src/main/java/edu/illinois/starts/helpers/Writer.java:114:5: Missing a Javadoc comment. [JavadocMethod]
[WARN] /Users/Peifeng/Desktop/Study/Topics-in-Software-Engineering/GitLab/evosuite/case_study/starts/starts-core/src/main/java/edu/illinois/starts/helpers/Writer.java:130:5: Missing a Javadoc comment. [JavadocMethod]
[WARN] /Users/Peifeng/Desktop/Study/Topics-in-Software-Engineering/GitLab/evosuite/case_study/starts/starts-core/src/main/java/edu/illinois/starts/helpers/Writer.java:144:5: Missing a Javadoc comment. [JavadocMethod]
[WARN] /Users/Peifeng/Desktop/Study/Topics-in-Software-Engineering/GitLab/evosuite/case_study/starts/starts-core/src/main/java/edu/illinois/starts/helpers/Writer.java:159:5: Missing a Javadoc comment. [JavadocMethod]
[WARN] /Users/Peifeng/Desktop/Study/Topics-in-Software-Engineering/GitLab/evosuite/case_study/starts/starts-core/src/main/java/edu/illinois/starts/helpers/Writer.java:175:5: Missing a Javadoc comment. [JavadocMethod]
[WARN] /Users/Peifeng/Desktop/Study/Topics-in-Software-Engineering/GitLab/evosuite/case_study/starts/starts-core/src/main/java/edu/illinois/starts/helpers/YasglHelper.java:29:5: Missing a Javadoc comment. [JavadocMethod]
[WARN] /Users/Peifeng/Desktop/Study/Topics-in-Software-Engineering/GitLab/evosuite/case_study/starts/starts-core/src/main/java/edu/illinois/starts/helpers/YasglHelper.java:38:5: Missing a Javadoc comment. [JavadocMethod]
[WARN] /Users/Peifeng/Desktop/Study/Topics-in-Software-Engineering/GitLab/evosuite/case_study/starts/starts-core/src/main/java/edu/illinois/starts/helpers/YasglHelper.java:47:5: Missing a Javadoc comment. [JavadocMethod]
[WARN] /Users/Peifeng/Desktop/Study/Topics-in-Software-Engineering/GitLab/evosuite/case_study/starts/starts-core/src/main/java/edu/illinois/starts/helpers/YasglHelper.java:64:5: Missing a Javadoc comment. [JavadocMethod]
[WARN] /Users/Peifeng/Desktop/Study/Topics-in-Software-Engineering/GitLab/evosuite/case_study/starts/starts-core/src/main/java/edu/illinois/starts/helpers/YasglHelper.java:72:5: Missing a Javadoc comment. [JavadocMethod]
[WARN] /Users/Peifeng/Desktop/Study/Topics-in-Software-Engineering/GitLab/evosuite/case_study/starts/starts-core/src/main/java/edu/illinois/starts/helpers/YasglHelper.java:82:5: Missing a Javadoc comment. [JavadocMethod]
[WARN] /Users/Peifeng/Desktop/Study/Topics-in-Software-Engineering/GitLab/evosuite/case_study/starts/starts-core/src/main/java/edu/illinois/starts/helpers/ZLCHelper.java:79:5: Missing a Javadoc comment. [JavadocMethod]
[WARN] /Users/Peifeng/Desktop/Study/Topics-in-Software-Engineering/GitLab/evosuite/case_study/starts/starts-core/src/main/java/edu/illinois/starts/helpers/ZLCHelper.java:89:5: Missing a Javadoc comment. [JavadocMethod]
[WARN] /Users/Peifeng/Desktop/Study/Topics-in-Software-Engineering/GitLab/evosuite/case_study/starts/starts-core/src/main/java/edu/illinois/starts/helpers/ZLCHelper.java:123:5: Missing a Javadoc comment. [JavadocMethod]
[WARN] /Users/Peifeng/Desktop/Study/Topics-in-Software-Engineering/GitLab/evosuite/case_study/starts/starts-core/src/main/java/edu/illinois/starts/helpers/ZLCHelper.java:184:5: Missing a Javadoc comment. [JavadocMethod]
[WARN] /Users/Peifeng/Desktop/Study/Topics-in-Software-Engineering/GitLab/evosuite/case_study/starts/starts-core/src/main/java/edu/illinois/starts/maven/AgentLoader.java:18:5: Missing a Javadoc comment. [JavadocMethod]
[WARN] /Users/Peifeng/Desktop/Study/Topics-in-Software-Engineering/GitLab/evosuite/case_study/starts/starts-core/src/main/java/edu/illinois/starts/maven/AgentLoader.java:32:5: Missing a Javadoc comment. [JavadocMethod]
[WARN] /Users/Peifeng/Desktop/Study/Topics-in-Software-Engineering/GitLab/evosuite/case_study/starts/starts-core/src/main/java/edu/illinois/starts/maven/MavenCFT.java:58:5: Missing a Javadoc comment. [JavadocMethod]
[WARN] /Users/Peifeng/Desktop/Study/Topics-in-Software-Engineering/GitLab/evosuite/case_study/starts/starts-core/src/main/java/edu/illinois/starts/maven/SurefireMojoInterceptor.java:14:5: Missing a Javadoc comment. [JavadocMethod]
[WARN] /Users/Peifeng/Desktop/Study/Topics-in-Software-Engineering/GitLab/evosuite/case_study/starts/starts-core/src/main/java/edu/illinois/starts/util/ChecksumUtil.java:94:5: Missing a Javadoc comment. [JavadocMethod]
[WARN] /Users/Peifeng/Desktop/Study/Topics-in-Software-Engineering/GitLab/evosuite/case_study/starts/starts-core/src/main/java/edu/illinois/starts/util/ChecksumUtil.java:105:5: Missing a Javadoc comment. [JavadocMethod]
[WARN] /Users/Peifeng/Desktop/Study/Topics-in-Software-Engineering/GitLab/evosuite/case_study/starts/starts-core/src/main/java/edu/illinois/starts/util/ChecksumUtil.java:124:5: Missing a Javadoc comment. [JavadocMethod]
[WARN] /Users/Peifeng/Desktop/Study/Topics-in-Software-Engineering/GitLab/evosuite/case_study/starts/starts-core/src/main/java/edu/illinois/starts/util/Logger.java:31:5: Missing a Javadoc comment. [JavadocMethod]
[WARN] /Users/Peifeng/Desktop/Study/Topics-in-Software-Engineering/GitLab/evosuite/case_study/starts/starts-core/src/main/java/edu/illinois/starts/util/Logger.java:39:5: Missing a Javadoc comment. [JavadocMethod]
[WARN] /Users/Peifeng/Desktop/Study/Topics-in-Software-Engineering/GitLab/evosuite/case_study/starts/starts-core/src/test/java/edu/illinois/starts/helpers/WriterTest.java:43:5: Missing a Javadoc comment. [JavadocMethod]
[WARN] /Users/Peifeng/Desktop/Study/Topics-in-Software-Engineering/GitLab/evosuite/case_study/starts/starts-core/src/test/java/edu/illinois/starts/helpers/WriterTest.java:53:5: Missing a Javadoc comment. [JavadocMethod]
[WARN] /Users/Peifeng/Desktop/Study/Topics-in-Software-Engineering/GitLab/evosuite/case_study/starts/starts-core/src/test/java/edu/illinois/starts/helpers/WriterTest.java:160:5: Missing a Javadoc comment. [JavadocMethod]
[WARN] /Users/Peifeng/Desktop/Study/Topics-in-Software-Engineering/GitLab/evosuite/case_study/starts/starts-core/src/test/java/edu/illinois/starts/helpers/YasglHelperTest.java:34:5: Missing a Javadoc comment. [JavadocMethod]
[WARN] /Users/Peifeng/Desktop/Study/Topics-in-Software-Engineering/GitLab/evosuite/case_study/starts/starts-core/src/test/java/edu/illinois/starts/helpers/YasglHelperTest.java:42:5: Missing a Javadoc comment. [JavadocMethod]
[WARN] /Users/Peifeng/Desktop/Study/Topics-in-Software-Engineering/GitLab/evosuite/case_study/starts/starts-core/src/test/java/edu/illinois/starts/helpers/YasglHelperTest.java:50:5: Missing a Javadoc comment. [JavadocMethod]
[WARN] /Users/Peifeng/Desktop/Study/Topics-in-Software-Engineering/GitLab/evosuite/case_study/starts/starts-core/src/test/java/edu/illinois/starts/helpers/YasglHelperTest.java:60:5: Missing a Javadoc comment. [JavadocMethod]
Audit done.
[INFO]
[INFO] --- jacoco-maven-plugin:0.7.8:prepare-agent (pre-unit-test) @ starts-core ---
[INFO] argLine set to -javaagent:/Users/Peifeng/.m2/repository/org/jacoco/org.jacoco.agent/0.7.8/org.jacoco.agent-0.7.8-runtime.jar=destfile=/Users/Peifeng/Desktop/Study/Topics-in-Software-Engineering/GitLab/evosuite/case_study/starts/starts-core/target/jacoco.exec
[INFO]
[INFO] --- maven-resources-plugin:2.6:resources (default-resources) @ starts-core ---
[INFO] Using 'UTF-8' encoding to copy filtered resources.
[INFO] skip non existing resourceDirectory /Users/Peifeng/Desktop/Study/Topics-in-Software-Engineering/GitLab/evosuite/case_study/starts/starts-core/src/main/resources
[INFO]
[INFO] --- maven-compiler-plugin:3.1:compile (default-compile) @ starts-core ---
[INFO] Nothing to compile - all classes are up to date
[INFO]
[INFO] --- build-helper-maven-plugin:1.8:add-test-source (add-test-source) @ starts-core ---
[INFO] Test Source directory: /Users/Peifeng/Desktop/Study/Topics-in-Software-Engineering/GitLab/evosuite/case_study/starts/starts-core/src/test/evosuite} added.
[INFO]
[INFO] --- maven-resources-plugin:2.6:testResources (default-testResources) @ starts-core ---
[INFO] Using 'UTF-8' encoding to copy filtered resources.
[INFO] skip non existing resourceDirectory /Users/Peifeng/Desktop/Study/Topics-in-Software-Engineering/GitLab/evosuite/case_study/starts/starts-core/src/test/resources
[INFO]
[INFO] --- maven-compiler-plugin:3.1:testCompile (default-testCompile) @ starts-core ---
[INFO] Nothing to compile - all classes are up to date
[INFO]
[INFO] --- maven-surefire-plugin:2.12.4:test (default-test) @ starts-core ---
[INFO] Surefire report directory: /Users/Peifeng/Desktop/Study/Topics-in-Software-Engineering/GitLab/evosuite/case_study/starts/starts-core/target/surefire-reports

-------------------------------------------------------
 T E S T S
-------------------------------------------------------
objc[5566]: Class JavaLaunchHelper is implemented in both /Library/Java/JavaVirtualMachines/jdk1.8.0_77.jdk/Contents/Home/jre/bin/java (0x1078a54c0) and /Library/Java/JavaVirtualMachines/jdk1.8.0_77.jdk/Contents/Home/jre/lib/libinstrument.dylib (0x10799f4e0). One of the two will be used. Which one is undefined.
Running edu.illinois.starts.asm.AnnotationVisitor_ESTest
Tests run: 12, Failures: 0, Errors: 0, Skipped: 0, Time elapsed: 4.561 sec
Running edu.illinois.starts.asm.AnnotationWriter_ESTest
Tests run: 30, Failures: 0, Errors: 0, Skipped: 0, Time elapsed: 0.522 sec
Running edu.illinois.starts.asm.Attribute_ESTest
Tests run: 11, Failures: 0, Errors: 0, Skipped: 0, Time elapsed: 0.303 sec
Running edu.illinois.starts.asm.ByteVector_ESTest
Tests run: 34, Failures: 0, Errors: 0, Skipped: 0, Time elapsed: 0.097 sec
Running edu.illinois.starts.asm.ClassReader_ESTest
Tests run: 39, Failures: 0, Errors: 0, Skipped: 0, Time elapsed: 1.112 sec
Running edu.illinois.starts.asm.ClassVisitor_ESTest
Tests run: 20, Failures: 0, Errors: 0, Skipped: 0, Time elapsed: 0.279 sec
Running edu.illinois.starts.asm.ClassWriter_ESTest
Tests run: 78, Failures: 0, Errors: 0, Skipped: 0, Time elapsed: 0.613 sec
Running edu.illinois.starts.asm.Context_ESTest
Tests run: 1, Failures: 0, Errors: 0, Skipped: 0, Time elapsed: 0.162 sec
Running edu.illinois.starts.asm.FieldVisitor_ESTest
Tests run: 8, Failures: 0, Errors: 0, Skipped: 0, Time elapsed: 0.277 sec
Running edu.illinois.starts.asm.FieldWriter_ESTest
Tests run: 27, Failures: 0, Errors: 0, Skipped: 0, Time elapsed: 0.245 sec
Running edu.illinois.starts.asm.Frame_ESTest
Tests run: 89, Failures: 0, Errors: 0, Skipped: 0, Time elapsed: 0.461 sec
Running edu.illinois.starts.asm.Handler_ESTest
Tests run: 4, Failures: 0, Errors: 0, Skipped: 0, Time elapsed: 0.155 sec
Running edu.illinois.starts.asm.Item_ESTest
Tests run: 37, Failures: 1, Errors: 0, Skipped: 0, Time elapsed: 0.101 sec <<< FAILURE!
test02(edu.illinois.starts.asm.Item_ESTest)  Time elapsed: 0.014 sec  <<< FAILURE!
java.lang.AssertionError
	at org.junit.Assert.fail(Assert.java:86)
	at org.junit.Assert.assertTrue(Assert.java:41)
	at org.junit.Assert.assertFalse(Assert.java:64)
	at org.junit.Assert.assertFalse(Assert.java:74)
	at edu.illinois.starts.asm.Item_ESTest.test02(Item_ESTest.java:44)
	at sun.reflect.NativeMethodAccessorImpl.invoke0(Native Method)
	at sun.reflect.NativeMethodAccessorImpl.invoke(NativeMethodAccessorImpl.java:62)
	at sun.reflect.DelegatingMethodAccessorImpl.invoke(DelegatingMethodAccessorImpl.java:43)
	at java.lang.reflect.Method.invoke(Method.java:498)
	at org.junit.runners.model.FrameworkMethod$1.runReflectiveCall(FrameworkMethod.java:50)
	at org.junit.internal.runners.model.ReflectiveCallable.run(ReflectiveCallable.java:12)
	at org.junit.runners.model.FrameworkMethod.invokeExplosively(FrameworkMethod.java:47)
	at org.junit.internal.runners.statements.InvokeMethod.evaluate(InvokeMethod.java:17)
	at org.junit.internal.runners.statements.FailOnTimeout$CallableStatement.call(FailOnTimeout.java:298)
	at org.junit.internal.runners.statements.FailOnTimeout$CallableStatement.call(FailOnTimeout.java:292)
	at java.util.concurrent.FutureTask.run(FutureTask.java:266)
	at java.lang.Thread.run(Thread.java:745)

Running edu.illinois.starts.asm.Label_ESTest
Tests run: 31, Failures: 0, Errors: 0, Skipped: 0, Time elapsed: 0.271 sec
Running edu.illinois.starts.asm.MethodVisitor_ESTest
Tests run: 53, Failures: 0, Errors: 0, Skipped: 0, Time elapsed: 0.418 sec
Running edu.illinois.starts.asm.MethodWriter_ESTest
Tests run: 118, Failures: 0, Errors: 0, Skipped: 0, Time elapsed: 0.519 sec
Running edu.illinois.starts.asm.TypePath_ESTest
Tests run: 27, Failures: 0, Errors: 0, Skipped: 0, Time elapsed: 0.053 sec
Running edu.illinois.starts.asm.TypeReference_ESTest
Tests run: 35, Failures: 0, Errors: 0, Skipped: 0, Time elapsed: 0.088 sec
Running edu.illinois.starts.data.ZLCData_ESTest
Tests run: 10, Failures: 0, Errors: 0, Skipped: 0, Time elapsed: 0.045 sec
Running edu.illinois.starts.helpers.Cache_ESTest
java.nio.file.NoSuchFileException: /Users/Peifeng/Desktop/Study/Topics-in-Software-Engineering/GitLab/evosuite/case_study/starts/starts-core/UZKym'/Fy[Y<Z/UZKym'/Fy[Y<Z/.graph
	at sun.nio.fs.UnixException.translateToIOException(UnixException.java:86)
	at sun.nio.fs.UnixException.rethrowAsIOException(UnixException.java:102)
	at sun.nio.fs.UnixException.rethrowAsIOException(UnixException.java:107)
	at sun.nio.fs.UnixFileSystemProvider.newByteChannel(UnixFileSystemProvider.java:214)
	at java.nio.file.Files.newByteChannel(Files.java:361)
	at java.nio.file.Files.newByteChannel(Files.java:407)
	at java.nio.file.spi.FileSystemProvider.newInputStream(FileSystemProvider.java:384)
	at java.nio.file.Files.newInputStream(Files.java:152)
	at java.nio.file.Files.newBufferedReader(Files.java:2784)
	at java.nio.file.Files.readAllLines(Files.java:3202)
	at edu.illinois.starts.helpers.Cache.loadCachedEdges(Cache.java:97)
	at edu.illinois.starts.helpers.Cache.loadM2EdgesFromCache(Cache.java:49)
	at edu.illinois.starts.helpers.Cache_ESTest.test3(Cache_ESTest.java:112)
	at sun.reflect.NativeMethodAccessorImpl.invoke0(Native Method)
	at sun.reflect.NativeMethodAccessorImpl.invoke(NativeMethodAccessorImpl.java:62)
	at sun.reflect.DelegatingMethodAccessorImpl.invoke(DelegatingMethodAccessorImpl.java:43)
	at java.lang.reflect.Method.invoke(Method.java:498)
	at org.junit.runners.model.FrameworkMethod$1.runReflectiveCall(FrameworkMethod.java:50)
	at org.junit.internal.runners.model.ReflectiveCallable.run(ReflectiveCallable.java:12)
	at org.junit.runners.model.FrameworkMethod.invokeExplosively(FrameworkMethod.java:47)
	at org.junit.internal.runners.statements.InvokeMethod.evaluate(InvokeMethod.java:17)
	at org.junit.internal.runners.statements.FailOnTimeout$CallableStatement.call(FailOnTimeout.java:298)
	at org.junit.internal.runners.statements.FailOnTimeout$CallableStatement.call(FailOnTimeout.java:292)
	at java.util.concurrent.FutureTask.run(FutureTask.java:266)
	at java.lang.Thread.run(Thread.java:745)
Tests run: 5, Failures: 0, Errors: 0, Skipped: 0, Time elapsed: 3.118 sec
Running edu.illinois.starts.helpers.EkstaziHelper_ESTest
Tests run: 8, Failures: 0, Errors: 0, Skipped: 0, Time elapsed: 0.225 sec
Running edu.illinois.starts.helpers.FileUtil_ESTest
Tests run: 4, Failures: 0, Errors: 0, Skipped: 0, Time elapsed: 0.328 sec
Running edu.illinois.starts.helpers.Loadables_ESTest
java.io.FileNotFoundException
	at org.evosuite.runtime.mock.java.io.MockFileInputStream.<init>(MockFileInputStream.java:86)
	at org.evosuite.runtime.mock.java.io.MockFileReader.<init>(MockFileReader.java:66)
	at org.evosuite.runtime.mock.java.io.MockFileReader.<init>(MockFileReader.java:51)
	at edu.illinois.yasgl.DirectedGraph.fromGiraphString(DirectedGraph.java:132)
	at edu.illinois.starts.helpers.Loadables_ESTest.test02(Loadables_ESTest.java:79)
	at sun.reflect.NativeMethodAccessorImpl.invoke0(Native Method)
	at sun.reflect.NativeMethodAccessorImpl.invoke(NativeMethodAccessorImpl.java:62)
	at sun.reflect.DelegatingMethodAccessorImpl.invoke(DelegatingMethodAccessorImpl.java:43)
	at java.lang.reflect.Method.invoke(Method.java:498)
	at org.junit.runners.model.FrameworkMethod$1.runReflectiveCall(FrameworkMethod.java:50)
	at org.junit.internal.runners.model.ReflectiveCallable.run(ReflectiveCallable.java:12)
	at org.junit.runners.model.FrameworkMethod.invokeExplosively(FrameworkMethod.java:47)
	at org.junit.internal.runners.statements.InvokeMethod.evaluate(InvokeMethod.java:17)
	at org.junit.internal.runners.statements.FailOnTimeout$CallableStatement.call(FailOnTimeout.java:298)
	at org.junit.internal.runners.statements.FailOnTimeout$CallableStatement.call(FailOnTimeout.java:292)
	at java.util.concurrent.FutureTask.run(FutureTask.java:266)
	at java.lang.Thread.run(Thread.java:745)
java.io.FileNotFoundException
	at org.evosuite.runtime.mock.java.io.MockFileInputStream.<init>(MockFileInputStream.java:86)
	at org.evosuite.runtime.mock.java.io.MockFileReader.<init>(MockFileReader.java:66)
	at org.evosuite.runtime.mock.java.io.MockFileReader.<init>(MockFileReader.java:51)
	at edu.illinois.yasgl.DirectedGraph.fromGiraphString(DirectedGraph.java:132)
	at edu.illinois.starts.helpers.Loadables_ESTest.test05(Loadables_ESTest.java:129)
	at sun.reflect.NativeMethodAccessorImpl.invoke0(Native Method)
	at sun.reflect.NativeMethodAccessorImpl.invoke(NativeMethodAccessorImpl.java:62)
	at sun.reflect.DelegatingMethodAccessorImpl.invoke(DelegatingMethodAccessorImpl.java:43)
	at java.lang.reflect.Method.invoke(Method.java:498)
	at org.junit.runners.model.FrameworkMethod$1.runReflectiveCall(FrameworkMethod.java:50)
	at org.junit.internal.runners.model.ReflectiveCallable.run(ReflectiveCallable.java:12)
	at org.junit.runners.model.FrameworkMethod.invokeExplosively(FrameworkMethod.java:47)
	at org.junit.internal.runners.statements.InvokeMethod.evaluate(InvokeMethod.java:17)
	at org.junit.internal.runners.statements.FailOnTimeout$CallableStatement.call(FailOnTimeout.java:298)
	at org.junit.internal.runners.statements.FailOnTimeout$CallableStatement.call(FailOnTimeout.java:292)
	at java.util.concurrent.FutureTask.run(FutureTask.java:266)
	at java.lang.Thread.run(Thread.java:745)
java.io.FileNotFoundException
	at org.evosuite.runtime.mock.java.io.MockFileInputStream.<init>(MockFileInputStream.java:86)
	at org.evosuite.runtime.mock.java.io.MockFileReader.<init>(MockFileReader.java:66)
	at org.evosuite.runtime.mock.java.io.MockFileReader.<init>(MockFileReader.java:51)
	at edu.illinois.yasgl.DirectedGraph.fromGiraphString(DirectedGraph.java:132)
	at edu.illinois.starts.helpers.Loadables_ESTest.test01(Loadables_ESTest.java:64)
	at sun.reflect.NativeMethodAccessorImpl.invoke0(Native Method)
	at sun.reflect.NativeMethodAccessorImpl.invoke(NativeMethodAccessorImpl.java:62)
	at sun.reflect.DelegatingMethodAccessorImpl.invoke(DelegatingMethodAccessorImpl.java:43)
	at java.lang.reflect.Method.invoke(Method.java:498)
	at org.junit.runners.model.FrameworkMethod$1.runReflectiveCall(FrameworkMethod.java:50)
	at org.junit.internal.runners.model.ReflectiveCallable.run(ReflectiveCallable.java:12)
	at org.junit.runners.model.FrameworkMethod.invokeExplosively(FrameworkMethod.java:47)
	at org.junit.internal.runners.statements.InvokeMethod.evaluate(InvokeMethod.java:17)
	at org.junit.internal.runners.statements.FailOnTimeout$CallableStatement.call(FailOnTimeout.java:298)
	at org.junit.internal.runners.statements.FailOnTimeout$CallableStatement.call(FailOnTimeout.java:292)
	at java.util.concurrent.FutureTask.run(FutureTask.java:266)
	at java.lang.Thread.run(Thread.java:745)
java.io.FileNotFoundException
	at org.evosuite.runtime.mock.java.io.MockFileInputStream.<init>(MockFileInputStream.java:86)
	at org.evosuite.runtime.mock.java.io.MockFileReader.<init>(MockFileReader.java:66)
	at org.evosuite.runtime.mock.java.io.MockFileReader.<init>(MockFileReader.java:51)
	at edu.illinois.yasgl.DirectedGraph.fromGiraphString(DirectedGraph.java:132)
	at edu.illinois.starts.helpers.Loadables_ESTest.test06(Loadables_ESTest.java:153)
	at sun.reflect.NativeMethodAccessorImpl.invoke0(Native Method)
	at sun.reflect.NativeMethodAccessorImpl.invoke(NativeMethodAccessorImpl.java:62)
	at sun.reflect.DelegatingMethodAccessorImpl.invoke(DelegatingMethodAccessorImpl.java:43)
	at java.lang.reflect.Method.invoke(Method.java:498)
	at org.junit.runners.model.FrameworkMethod$1.runReflectiveCall(FrameworkMethod.java:50)
	at org.junit.internal.runners.model.ReflectiveCallable.run(ReflectiveCallable.java:12)
	at org.junit.runners.model.FrameworkMethod.invokeExplosively(FrameworkMethod.java:47)
	at org.junit.internal.runners.statements.InvokeMethod.evaluate(InvokeMethod.java:17)
	at org.junit.internal.runners.statements.FailOnTimeout$CallableStatement.call(FailOnTimeout.java:298)
	at org.junit.internal.runners.statements.FailOnTimeout$CallableStatement.call(FailOnTimeout.java:292)
	at java.util.concurrent.FutureTask.run(FutureTask.java:266)
	at java.lang.Thread.run(Thread.java:745)
java.io.FileNotFoundException
	at org.evosuite.runtime.mock.java.io.MockFileInputStream.<init>(MockFileInputStream.java:86)
	at org.evosuite.runtime.mock.java.io.MockFileReader.<init>(MockFileReader.java:66)
	at org.evosuite.runtime.mock.java.io.MockFileReader.<init>(MockFileReader.java:51)
	at edu.illinois.yasgl.DirectedGraph.fromGiraphString(DirectedGraph.java:132)
	at edu.illinois.starts.helpers.Loadables_ESTest.test07(Loadables_ESTest.java:167)
	at sun.reflect.NativeMethodAccessorImpl.invoke0(Native Method)
	at sun.reflect.NativeMethodAccessorImpl.invoke(NativeMethodAccessorImpl.java:62)
	at sun.reflect.DelegatingMethodAccessorImpl.invoke(DelegatingMethodAccessorImpl.java:43)
	at java.lang.reflect.Method.invoke(Method.java:498)
	at org.junit.runners.model.FrameworkMethod$1.runReflectiveCall(FrameworkMethod.java:50)
	at org.junit.internal.runners.model.ReflectiveCallable.run(ReflectiveCallable.java:12)
	at org.junit.runners.model.FrameworkMethod.invokeExplosively(FrameworkMethod.java:47)
	at org.junit.internal.runners.statements.InvokeMethod.evaluate(InvokeMethod.java:17)
	at org.junit.internal.runners.statements.FailOnTimeout$CallableStatement.call(FailOnTimeout.java:298)
	at org.junit.internal.runners.statements.FailOnTimeout$CallableStatement.call(FailOnTimeout.java:292)
	at java.util.concurrent.FutureTask.run(FutureTask.java:266)
	at java.lang.Thread.run(Thread.java:745)
java.io.FileNotFoundException
	at org.evosuite.runtime.mock.java.io.MockFileInputStream.<init>(MockFileInputStream.java:86)
	at org.evosuite.runtime.mock.java.io.MockFileReader.<init>(MockFileReader.java:66)
	at org.evosuite.runtime.mock.java.io.MockFileReader.<init>(MockFileReader.java:51)
	at edu.illinois.yasgl.DirectedGraph.fromGiraphString(DirectedGraph.java:132)
	at edu.illinois.starts.helpers.Loadables_ESTest.test19(Loadables_ESTest.java:371)
	at sun.reflect.NativeMethodAccessorImpl.invoke0(Native Method)
	at sun.reflect.NativeMethodAccessorImpl.invoke(NativeMethodAccessorImpl.java:62)
	at sun.reflect.DelegatingMethodAccessorImpl.invoke(DelegatingMethodAccessorImpl.java:43)
	at java.lang.reflect.Method.invoke(Method.java:498)
	at org.junit.runners.model.FrameworkMethod$1.runReflectiveCall(FrameworkMethod.java:50)
	at org.junit.internal.runners.model.ReflectiveCallable.run(ReflectiveCallable.java:12)
	at org.junit.runners.model.FrameworkMethod.invokeExplosively(FrameworkMethod.java:47)
	at org.junit.internal.runners.statements.InvokeMethod.evaluate(InvokeMethod.java:17)
	at org.junit.internal.runners.statements.FailOnTimeout$CallableStatement.call(FailOnTimeout.java:298)
	at org.junit.internal.runners.statements.FailOnTimeout$CallableStatement.call(FailOnTimeout.java:292)
	at java.util.concurrent.FutureTask.run(FutureTask.java:266)
	at java.lang.Thread.run(Thread.java:745)
Tests run: 20, Failures: 0, Errors: 12, Skipped: 0, Time elapsed: 0.902 sec <<< FAILURE!
test13(edu.illinois.starts.helpers.Loadables_ESTest)  Time elapsed: 0.005 sec  <<< ERROR!
java.lang.NoSuchMethodError: org.apache.maven.surefire.booter.Classpath.<init>(Ljava/util/Collection;)V
	at edu.illinois.starts.helpers.Loadables_ESTest.test13(Loadables_ESTest.java:259)
	at sun.reflect.NativeMethodAccessorImpl.invoke0(Native Method)
	at sun.reflect.NativeMethodAccessorImpl.invoke(NativeMethodAccessorImpl.java:62)
	at sun.reflect.DelegatingMethodAccessorImpl.invoke(DelegatingMethodAccessorImpl.java:43)
	at java.lang.reflect.Method.invoke(Method.java:498)
	at org.junit.runners.model.FrameworkMethod$1.runReflectiveCall(FrameworkMethod.java:50)
	at org.junit.internal.runners.model.ReflectiveCallable.run(ReflectiveCallable.java:12)
	at org.junit.runners.model.FrameworkMethod.invokeExplosively(FrameworkMethod.java:47)
	at org.junit.internal.runners.statements.InvokeMethod.evaluate(InvokeMethod.java:17)
	at org.junit.internal.runners.statements.FailOnTimeout$CallableStatement.call(FailOnTimeout.java:298)
	at org.junit.internal.runners.statements.FailOnTimeout$CallableStatement.call(FailOnTimeout.java:292)
	at java.util.concurrent.FutureTask.run(FutureTask.java:266)
	at java.lang.Thread.run(Thread.java:745)

test14(edu.illinois.starts.helpers.Loadables_ESTest)  Time elapsed: 0.004 sec  <<< ERROR!
java.lang.NoSuchMethodError: org.apache.maven.surefire.booter.Classpath.<init>(Ljava/util/Collection;)V
	at edu.illinois.starts.helpers.Loadables_ESTest.test14(Loadables_ESTest.java:284)
	at sun.reflect.NativeMethodAccessorImpl.invoke0(Native Method)
	at sun.reflect.NativeMethodAccessorImpl.invoke(NativeMethodAccessorImpl.java:62)
	at sun.reflect.DelegatingMethodAccessorImpl.invoke(DelegatingMethodAccessorImpl.java:43)
	at java.lang.reflect.Method.invoke(Method.java:498)
	at org.junit.runners.model.FrameworkMethod$1.runReflectiveCall(FrameworkMethod.java:50)
	at org.junit.internal.runners.model.ReflectiveCallable.run(ReflectiveCallable.java:12)
	at org.junit.runners.model.FrameworkMethod.invokeExplosively(FrameworkMethod.java:47)
	at org.junit.internal.runners.statements.InvokeMethod.evaluate(InvokeMethod.java:17)
	at org.junit.internal.runners.statements.FailOnTimeout$CallableStatement.call(FailOnTimeout.java:298)
	at org.junit.internal.runners.statements.FailOnTimeout$CallableStatement.call(FailOnTimeout.java:292)
	at java.util.concurrent.FutureTask.run(FutureTask.java:266)
	at java.lang.Thread.run(Thread.java:745)

test04(edu.illinois.starts.helpers.Loadables_ESTest)  Time elapsed: 0.005 sec  <<< ERROR!
java.lang.NoSuchMethodError: org.apache.maven.surefire.booter.Classpath.<init>(Ljava/util/Collection;)V
	at edu.illinois.starts.helpers.Loadables_ESTest.test04(Loadables_ESTest.java:109)
	at sun.reflect.NativeMethodAccessorImpl.invoke0(Native Method)
	at sun.reflect.NativeMethodAccessorImpl.invoke(NativeMethodAccessorImpl.java:62)
	at sun.reflect.DelegatingMethodAccessorImpl.invoke(DelegatingMethodAccessorImpl.java:43)
	at java.lang.reflect.Method.invoke(Method.java:498)
	at org.junit.runners.model.FrameworkMethod$1.runReflectiveCall(FrameworkMethod.java:50)
	at org.junit.internal.runners.model.ReflectiveCallable.run(ReflectiveCallable.java:12)
	at org.junit.runners.model.FrameworkMethod.invokeExplosively(FrameworkMethod.java:47)
	at org.junit.internal.runners.statements.InvokeMethod.evaluate(InvokeMethod.java:17)
	at org.junit.internal.runners.statements.FailOnTimeout$CallableStatement.call(FailOnTimeout.java:298)
	at org.junit.internal.runners.statements.FailOnTimeout$CallableStatement.call(FailOnTimeout.java:292)
	at java.util.concurrent.FutureTask.run(FutureTask.java:266)
	at java.lang.Thread.run(Thread.java:745)

test15(edu.illinois.starts.helpers.Loadables_ESTest)  Time elapsed: 0.006 sec  <<< ERROR!
java.lang.NoSuchMethodError: org.apache.maven.surefire.booter.Classpath.<init>(Ljava/util/Collection;)V
	at edu.illinois.starts.helpers.Loadables_ESTest.test15(Loadables_ESTest.java:309)
	at sun.reflect.NativeMethodAccessorImpl.invoke0(Native Method)
	at sun.reflect.NativeMethodAccessorImpl.invoke(NativeMethodAccessorImpl.java:62)
	at sun.reflect.DelegatingMethodAccessorImpl.invoke(DelegatingMethodAccessorImpl.java:43)
	at java.lang.reflect.Method.invoke(Method.java:498)
	at org.junit.runners.model.FrameworkMethod$1.runReflectiveCall(FrameworkMethod.java:50)
	at org.junit.internal.runners.model.ReflectiveCallable.run(ReflectiveCallable.java:12)
	at org.junit.runners.model.FrameworkMethod.invokeExplosively(FrameworkMethod.java:47)
	at org.junit.internal.runners.statements.InvokeMethod.evaluate(InvokeMethod.java:17)
	at org.junit.internal.runners.statements.FailOnTimeout$CallableStatement.call(FailOnTimeout.java:298)
	at org.junit.internal.runners.statements.FailOnTimeout$CallableStatement.call(FailOnTimeout.java:292)
	at java.util.concurrent.FutureTask.run(FutureTask.java:266)
	at java.lang.Thread.run(Thread.java:745)

test05(edu.illinois.starts.helpers.Loadables_ESTest)  Time elapsed: 0.026 sec  <<< ERROR!
java.lang.NoSuchMethodError: org.apache.maven.surefire.booter.Classpath.<init>(Ljava/util/Collection;)V
	at edu.illinois.starts.helpers.Loadables_ESTest.test05(Loadables_ESTest.java:135)
	at sun.reflect.NativeMethodAccessorImpl.invoke0(Native Method)
	at sun.reflect.NativeMethodAccessorImpl.invoke(NativeMethodAccessorImpl.java:62)
	at sun.reflect.DelegatingMethodAccessorImpl.invoke(DelegatingMethodAccessorImpl.java:43)
	at java.lang.reflect.Method.invoke(Method.java:498)
	at org.junit.runners.model.FrameworkMethod$1.runReflectiveCall(FrameworkMethod.java:50)
	at org.junit.internal.runners.model.ReflectiveCallable.run(ReflectiveCallable.java:12)
	at org.junit.runners.model.FrameworkMethod.invokeExplosively(FrameworkMethod.java:47)
	at org.junit.internal.runners.statements.InvokeMethod.evaluate(InvokeMethod.java:17)
	at org.junit.internal.runners.statements.FailOnTimeout$CallableStatement.call(FailOnTimeout.java:298)
	at org.junit.internal.runners.statements.FailOnTimeout$CallableStatement.call(FailOnTimeout.java:292)
	at java.util.concurrent.FutureTask.run(FutureTask.java:266)
	at java.lang.Thread.run(Thread.java:745)

test16(edu.illinois.starts.helpers.Loadables_ESTest)  Time elapsed: 0.006 sec  <<< ERROR!
java.lang.NoSuchMethodError: org.apache.maven.surefire.booter.Classpath.<init>(Ljava/util/Collection;)V
	at edu.illinois.starts.helpers.Loadables_ESTest.test16(Loadables_ESTest.java:321)
	at sun.reflect.NativeMethodAccessorImpl.invoke0(Native Method)
	at sun.reflect.NativeMethodAccessorImpl.invoke(NativeMethodAccessorImpl.java:62)
	at sun.reflect.DelegatingMethodAccessorImpl.invoke(DelegatingMethodAccessorImpl.java:43)
	at java.lang.reflect.Method.invoke(Method.java:498)
	at org.junit.runners.model.FrameworkMethod$1.runReflectiveCall(FrameworkMethod.java:50)
	at org.junit.internal.runners.model.ReflectiveCallable.run(ReflectiveCallable.java:12)
	at org.junit.runners.model.FrameworkMethod.invokeExplosively(FrameworkMethod.java:47)
	at org.junit.internal.runners.statements.InvokeMethod.evaluate(InvokeMethod.java:17)
	at org.junit.internal.runners.statements.FailOnTimeout$CallableStatement.call(FailOnTimeout.java:298)
	at org.junit.internal.runners.statements.FailOnTimeout$CallableStatement.call(FailOnTimeout.java:292)
	at java.util.concurrent.FutureTask.run(FutureTask.java:266)
	at java.lang.Thread.run(Thread.java:745)

test00(edu.illinois.starts.helpers.Loadables_ESTest)  Time elapsed: 0.004 sec  <<< ERROR!
java.lang.NoSuchMethodError: org.apache.maven.surefire.booter.Classpath.<init>(Ljava/util/Collection;)V
	at edu.illinois.starts.helpers.Loadables_ESTest.test00(Loadables_ESTest.java:47)
	at sun.reflect.NativeMethodAccessorImpl.invoke0(Native Method)
	at sun.reflect.NativeMethodAccessorImpl.invoke(NativeMethodAccessorImpl.java:62)
	at sun.reflect.DelegatingMethodAccessorImpl.invoke(DelegatingMethodAccessorImpl.java:43)
	at java.lang.reflect.Method.invoke(Method.java:498)
	at org.junit.runners.model.FrameworkMethod$1.runReflectiveCall(FrameworkMethod.java:50)
	at org.junit.internal.runners.model.ReflectiveCallable.run(ReflectiveCallable.java:12)
	at org.junit.runners.model.FrameworkMethod.invokeExplosively(FrameworkMethod.java:47)
	at org.junit.internal.runners.statements.InvokeMethod.evaluate(InvokeMethod.java:17)
	at org.junit.internal.runners.statements.FailOnTimeout$CallableStatement.call(FailOnTimeout.java:298)
	at org.junit.internal.runners.statements.FailOnTimeout$CallableStatement.call(FailOnTimeout.java:292)
	at java.util.concurrent.FutureTask.run(FutureTask.java:266)
	at java.lang.Thread.run(Thread.java:745)

test11(edu.illinois.starts.helpers.Loadables_ESTest)  Time elapsed: 0.003 sec  <<< ERROR!
java.lang.NoSuchMethodError: org.apache.maven.surefire.booter.Classpath.<init>(Ljava/util/Collection;)V
	at edu.illinois.starts.helpers.Loadables_ESTest.test11(Loadables_ESTest.java:213)
	at sun.reflect.NativeMethodAccessorImpl.invoke0(Native Method)
	at sun.reflect.NativeMethodAccessorImpl.invoke(NativeMethodAccessorImpl.java:62)
	at sun.reflect.DelegatingMethodAccessorImpl.invoke(DelegatingMethodAccessorImpl.java:43)
	at java.lang.reflect.Method.invoke(Method.java:498)
	at org.junit.runners.model.FrameworkMethod$1.runReflectiveCall(FrameworkMethod.java:50)
	at org.junit.internal.runners.model.ReflectiveCallable.run(ReflectiveCallable.java:12)
	at org.junit.runners.model.FrameworkMethod.invokeExplosively(FrameworkMethod.java:47)
	at org.junit.internal.runners.statements.InvokeMethod.evaluate(InvokeMethod.java:17)
	at org.junit.internal.runners.statements.FailOnTimeout$CallableStatement.call(FailOnTimeout.java:298)
	at org.junit.internal.runners.statements.FailOnTimeout$CallableStatement.call(FailOnTimeout.java:292)
	at java.util.concurrent.FutureTask.run(FutureTask.java:266)
	at java.lang.Thread.run(Thread.java:745)

test01(edu.illinois.starts.helpers.Loadables_ESTest)  Time elapsed: 0.023 sec  <<< ERROR!
java.lang.NoSuchMethodError: org.apache.maven.surefire.booter.Classpath.<init>(Ljava/util/Collection;)V
	at edu.illinois.starts.helpers.Loadables_ESTest.test01(Loadables_ESTest.java:67)
	at sun.reflect.NativeMethodAccessorImpl.invoke0(Native Method)
	at sun.reflect.NativeMethodAccessorImpl.invoke(NativeMethodAccessorImpl.java:62)
	at sun.reflect.DelegatingMethodAccessorImpl.invoke(DelegatingMethodAccessorImpl.java:43)
	at java.lang.reflect.Method.invoke(Method.java:498)
	at org.junit.runners.model.FrameworkMethod$1.runReflectiveCall(FrameworkMethod.java:50)
	at org.junit.internal.runners.model.ReflectiveCallable.run(ReflectiveCallable.java:12)
	at org.junit.runners.model.FrameworkMethod.invokeExplosively(FrameworkMethod.java:47)
	at org.junit.internal.runners.statements.InvokeMethod.evaluate(InvokeMethod.java:17)
	at org.junit.internal.runners.statements.FailOnTimeout$CallableStatement.call(FailOnTimeout.java:298)
	at org.junit.internal.runners.statements.FailOnTimeout$CallableStatement.call(FailOnTimeout.java:292)
	at java.util.concurrent.FutureTask.run(FutureTask.java:266)
	at java.lang.Thread.run(Thread.java:745)

test12(edu.illinois.starts.helpers.Loadables_ESTest)  Time elapsed: 0.004 sec  <<< ERROR!
java.lang.NoSuchMethodError: org.apache.maven.surefire.booter.Classpath.<init>(Ljava/util/Collection;)V
	at edu.illinois.starts.helpers.Loadables_ESTest.test12(Loadables_ESTest.java:236)
	at sun.reflect.NativeMethodAccessorImpl.invoke0(Native Method)
	at sun.reflect.NativeMethodAccessorImpl.invoke(NativeMethodAccessorImpl.java:62)
	at sun.reflect.DelegatingMethodAccessorImpl.invoke(DelegatingMethodAccessorImpl.java:43)
	at java.lang.reflect.Method.invoke(Method.java:498)
	at org.junit.runners.model.FrameworkMethod$1.runReflectiveCall(FrameworkMethod.java:50)
	at org.junit.internal.runners.model.ReflectiveCallable.run(ReflectiveCallable.java:12)
	at org.junit.runners.model.FrameworkMethod.invokeExplosively(FrameworkMethod.java:47)
	at org.junit.internal.runners.statements.InvokeMethod.evaluate(InvokeMethod.java:17)
	at org.junit.internal.runners.statements.FailOnTimeout$CallableStatement.call(FailOnTimeout.java:298)
	at org.junit.internal.runners.statements.FailOnTimeout$CallableStatement.call(FailOnTimeout.java:292)
	at java.util.concurrent.FutureTask.run(FutureTask.java:266)
	at java.lang.Thread.run(Thread.java:745)

test07(edu.illinois.starts.helpers.Loadables_ESTest)  Time elapsed: 0.028 sec  <<< ERROR!
java.lang.NoSuchMethodError: org.apache.maven.surefire.booter.Classpath.<init>(Ljava/util/Collection;)V
	at edu.illinois.starts.helpers.Loadables_ESTest.test07(Loadables_ESTest.java:173)
	at sun.reflect.NativeMethodAccessorImpl.invoke0(Native Method)
	at sun.reflect.NativeMethodAccessorImpl.invoke(NativeMethodAccessorImpl.java:62)
	at sun.reflect.DelegatingMethodAccessorImpl.invoke(DelegatingMethodAccessorImpl.java:43)
	at java.lang.reflect.Method.invoke(Method.java:498)
	at org.junit.runners.model.FrameworkMethod$1.runReflectiveCall(FrameworkMethod.java:50)
	at org.junit.internal.runners.model.ReflectiveCallable.run(ReflectiveCallable.java:12)
	at org.junit.runners.model.FrameworkMethod.invokeExplosively(FrameworkMethod.java:47)
	at org.junit.internal.runners.statements.InvokeMethod.evaluate(InvokeMethod.java:17)
	at org.junit.internal.runners.statements.FailOnTimeout$CallableStatement.call(FailOnTimeout.java:298)
	at org.junit.internal.runners.statements.FailOnTimeout$CallableStatement.call(FailOnTimeout.java:292)
	at java.util.concurrent.FutureTask.run(FutureTask.java:266)
	at java.lang.Thread.run(Thread.java:745)

test08(edu.illinois.starts.helpers.Loadables_ESTest)  Time elapsed: 0.012 sec  <<< ERROR!
java.lang.NoSuchMethodError: org.apache.maven.surefire.booter.Classpath.<init>(Ljava/util/Collection;)V
	at edu.illinois.starts.helpers.Loadables_ESTest.test08(Loadables_ESTest.java:186)
	at sun.reflect.NativeMethodAccessorImpl.invoke0(Native Method)
	at sun.reflect.NativeMethodAccessorImpl.invoke(NativeMethodAccessorImpl.java:62)
	at sun.reflect.DelegatingMethodAccessorImpl.invoke(DelegatingMethodAccessorImpl.java:43)
	at java.lang.reflect.Method.invoke(Method.java:498)
	at org.junit.runners.model.FrameworkMethod$1.runReflectiveCall(FrameworkMethod.java:50)
	at org.junit.internal.runners.model.ReflectiveCallable.run(ReflectiveCallable.java:12)
	at org.junit.runners.model.FrameworkMethod.invokeExplosively(FrameworkMethod.java:47)
	at org.junit.internal.runners.statements.InvokeMethod.evaluate(InvokeMethod.java:17)
	at org.junit.internal.runners.statements.FailOnTimeout$CallableStatement.call(FailOnTimeout.java:298)
	at org.junit.internal.runners.statements.FailOnTimeout$CallableStatement.call(FailOnTimeout.java:292)
	at java.util.concurrent.FutureTask.run(FutureTask.java:266)
	at java.lang.Thread.run(Thread.java:745)

Running edu.illinois.starts.helpers.PomUtil_ESTest
Tests run: 6, Failures: 0, Errors: 0, Skipped: 0, Time elapsed: 0.357 sec
Running edu.illinois.starts.helpers.RTSUtil_ESTest
Tests run: 9, Failures: 0, Errors: 0, Skipped: 0, Time elapsed: 0.219 sec
Running edu.illinois.starts.helpers.Writer_ESTest
Tests run: 1, Failures: 0, Errors: 1, Skipped: 0, Time elapsed: 0.584 sec <<< FAILURE!
edu.illinois.starts.helpers.Writer_ESTest  Time elapsed: 0.584 sec  <<< ERROR!
org.evosuite.shaded.org.mockito.exceptions.base.MockitoException:
ClassCastException occurred while creating the mockito proxy :
  class to mock : 'edu.illinois.yasgl.GraphVertexVisitor', loaded by classloader : 'org.evosuite.runtime.instrumentation.EvoClassLoader@bb9bad9'
  created class : 'edu.illinois.yasgl.GraphVertexVisitor$$EnhancerByMockitoWithCGLIB$$3d7017ed', loaded by classloader : 'org.evosuite.shaded.org.mockito.internal.creation.util.SearchingClassLoader@73c25e8'
  proxy instance class : 'edu.illinois.yasgl.GraphVertexVisitor$$EnhancerByMockitoWithCGLIB$$3d7017ed', loaded by classloader : 'org.evosuite.shaded.org.mockito.internal.creation.util.SearchingClassLoader@61f18997'
  instance creation by : ObjenesisInstantiator

You might experience classloading issues, disabling the Objenesis cache *might* help (see MockitoConfiguration)
	at edu.illinois.starts.helpers.Writer_ESTest_scaffolding.initMocksToAvoidTimeoutsInTheTests(Writer_ESTest_scaffolding.java:225)
	at edu.illinois.starts.helpers.Writer_ESTest_scaffolding.initEvoSuiteFramework(Writer_ESTest_scaffolding.java:49)
	at sun.reflect.NativeMethodAccessorImpl.invoke0(Native Method)
	at sun.reflect.NativeMethodAccessorImpl.invoke(NativeMethodAccessorImpl.java:62)
	at sun.reflect.DelegatingMethodAccessorImpl.invoke(DelegatingMethodAccessorImpl.java:43)
	at java.lang.reflect.Method.invoke(Method.java:498)
	at org.junit.runners.model.FrameworkMethod$1.runReflectiveCall(FrameworkMethod.java:50)
	at org.junit.internal.runners.model.ReflectiveCallable.run(ReflectiveCallable.java:12)
	at org.junit.runners.model.FrameworkMethod.invokeExplosively(FrameworkMethod.java:47)
	at org.junit.internal.runners.statements.RunBefores.evaluate(RunBefores.java:24)
	at org.junit.internal.runners.statements.RunAfters.evaluate(RunAfters.java:27)
	at org.junit.runners.ParentRunner.run(ParentRunner.java:363)
	at org.apache.maven.surefire.junit4.JUnit4Provider.execute(JUnit4Provider.java:252)
	at org.apache.maven.surefire.junit4.JUnit4Provider.executeTestSet(JUnit4Provider.java:141)
	at org.apache.maven.surefire.junit4.JUnit4Provider.invoke(JUnit4Provider.java:112)
	at sun.reflect.NativeMethodAccessorImpl.invoke0(Native Method)
	at sun.reflect.NativeMethodAccessorImpl.invoke(NativeMethodAccessorImpl.java:62)
	at sun.reflect.DelegatingMethodAccessorImpl.invoke(DelegatingMethodAccessorImpl.java:43)
	at java.lang.reflect.Method.invoke(Method.java:498)
	at org.apache.maven.surefire.util.ReflectionUtils.invokeMethodWithArray(ReflectionUtils.java:189)
	at org.apache.maven.surefire.booter.ProviderFactory$ProviderProxy.invoke(ProviderFactory.java:165)
	at org.apache.maven.surefire.booter.ProviderFactory.invokeProvider(ProviderFactory.java:85)
	at org.apache.maven.surefire.booter.ForkedBooter.runSuitesInProcess(ForkedBooter.java:115)
	at org.apache.maven.surefire.booter.ForkedBooter.main(ForkedBooter.java:75)
Caused by: java.lang.ClassCastException: Cannot cast edu.illinois.yasgl.GraphVertexVisitor$$EnhancerByMockitoWithCGLIB$$3d7017ed to edu.illinois.yasgl.GraphVertexVisitor
	at java.lang.Class.cast(Class.java:3369)
	at org.evosuite.shaded.org.mockito.internal.creation.cglib.ClassImposterizer.imposterise(ClassImposterizer.java:59)
	at org.evosuite.shaded.org.mockito.internal.creation.cglib.ClassImposterizer.imposterise(ClassImposterizer.java:49)
	at org.evosuite.shaded.org.mockito.internal.creation.cglib.CglibMockMaker.createMock(CglibMockMaker.java:24)
	at org.evosuite.shaded.org.mockito.internal.util.MockUtil.createMock(MockUtil.java:33)
	at org.evosuite.shaded.org.mockito.internal.MockitoCore.mock(MockitoCore.java:59)
	at org.evosuite.shaded.org.mockito.Mockito.mock(Mockito.java:1284)
	at org.evosuite.shaded.org.mockito.Mockito.mock(Mockito.java:1162)
	... 24 more

Running edu.illinois.starts.helpers.WriterTest
Tests run: 10, Failures: 0, Errors: 0, Skipped: 0, Time elapsed: 0.216 sec
Running edu.illinois.starts.helpers.YasglHelper_ESTest
java.io.FileNotFoundException
	at org.evosuite.runtime.mock.java.io.MockFileInputStream.<init>(MockFileInputStream.java:86)
	at org.evosuite.runtime.mock.java.io.MockFileReader.<init>(MockFileReader.java:66)
	at org.evosuite.runtime.mock.java.io.MockFileReader.<init>(MockFileReader.java:51)
	at edu.illinois.yasgl.DirectedGraph.fromGiraphString(DirectedGraph.java:132)
	at edu.illinois.starts.helpers.YasglHelper_ESTest.test06(YasglHelper_ESTest.java:122)
	at sun.reflect.NativeMethodAccessorImpl.invoke0(Native Method)
	at sun.reflect.NativeMethodAccessorImpl.invoke(NativeMethodAccessorImpl.java:62)
	at sun.reflect.DelegatingMethodAccessorImpl.invoke(DelegatingMethodAccessorImpl.java:43)
	at java.lang.reflect.Method.invoke(Method.java:498)
	at org.junit.runners.model.FrameworkMethod$1.runReflectiveCall(FrameworkMethod.java:50)
	at org.junit.internal.runners.model.ReflectiveCallable.run(ReflectiveCallable.java:12)
	at org.junit.runners.model.FrameworkMethod.invokeExplosively(FrameworkMethod.java:47)
	at org.junit.internal.runners.statements.InvokeMethod.evaluate(InvokeMethod.java:17)
	at org.junit.internal.runners.statements.FailOnTimeout$CallableStatement.call(FailOnTimeout.java:298)
	at org.junit.internal.runners.statements.FailOnTimeout$CallableStatement.call(FailOnTimeout.java:292)
	at java.util.concurrent.FutureTask.run(FutureTask.java:266)
	at java.lang.Thread.run(Thread.java:745)
java.io.FileNotFoundException
	at org.evosuite.runtime.mock.java.io.MockFileInputStream.<init>(MockFileInputStream.java:86)
	at org.evosuite.runtime.mock.java.io.MockFileReader.<init>(MockFileReader.java:66)
	at org.evosuite.runtime.mock.java.io.MockFileReader.<init>(MockFileReader.java:51)
	at edu.illinois.yasgl.DirectedGraph.fromGiraphString(DirectedGraph.java:132)
	at edu.illinois.starts.helpers.YasglHelper_ESTest.test10(YasglHelper_ESTest.java:191)
	at sun.reflect.NativeMethodAccessorImpl.invoke0(Native Method)
	at sun.reflect.NativeMethodAccessorImpl.invoke(NativeMethodAccessorImpl.java:62)
	at sun.reflect.DelegatingMethodAccessorImpl.invoke(DelegatingMethodAccessorImpl.java:43)
	at java.lang.reflect.Method.invoke(Method.java:498)
	at org.junit.runners.model.FrameworkMethod$1.runReflectiveCall(FrameworkMethod.java:50)
	at org.junit.internal.runners.model.ReflectiveCallable.run(ReflectiveCallable.java:12)
	at org.junit.runners.model.FrameworkMethod.invokeExplosively(FrameworkMethod.java:47)
	at org.junit.internal.runners.statements.InvokeMethod.evaluate(InvokeMethod.java:17)
	at org.junit.internal.runners.statements.FailOnTimeout$CallableStatement.call(FailOnTimeout.java:298)
	at org.junit.internal.runners.statements.FailOnTimeout$CallableStatement.call(FailOnTimeout.java:292)
	at java.util.concurrent.FutureTask.run(FutureTask.java:266)
	at java.lang.Thread.run(Thread.java:745)
java.io.FileNotFoundException
	at org.evosuite.runtime.mock.java.io.MockFileInputStream.<init>(MockFileInputStream.java:86)
	at org.evosuite.runtime.mock.java.io.MockFileReader.<init>(MockFileReader.java:66)
	at org.evosuite.runtime.mock.java.io.MockFileReader.<init>(MockFileReader.java:51)
	at edu.illinois.yasgl.DirectedGraph.fromGiraphString(DirectedGraph.java:132)
	at edu.illinois.starts.helpers.YasglHelper_ESTest.test21(YasglHelper_ESTest.java:333)
	at sun.reflect.NativeMethodAccessorImpl.invoke0(Native Method)
	at sun.reflect.NativeMethodAccessorImpl.invoke(NativeMethodAccessorImpl.java:62)
	at sun.reflect.DelegatingMethodAccessorImpl.invoke(DelegatingMethodAccessorImpl.java:43)
	at java.lang.reflect.Method.invoke(Method.java:498)
	at org.junit.runners.model.FrameworkMethod$1.runReflectiveCall(FrameworkMethod.java:50)
	at org.junit.internal.runners.model.ReflectiveCallable.run(ReflectiveCallable.java:12)
	at org.junit.runners.model.FrameworkMethod.invokeExplosively(FrameworkMethod.java:47)
	at org.junit.internal.runners.statements.InvokeMethod.evaluate(InvokeMethod.java:17)
	at org.junit.internal.runners.statements.FailOnTimeout$CallableStatement.call(FailOnTimeout.java:298)
	at org.junit.internal.runners.statements.FailOnTimeout$CallableStatement.call(FailOnTimeout.java:292)
	at java.util.concurrent.FutureTask.run(FutureTask.java:266)
	at java.lang.Thread.run(Thread.java:745)
java.io.FileNotFoundException
	at org.evosuite.runtime.mock.java.io.MockFileInputStream.<init>(MockFileInputStream.java:86)
	at org.evosuite.runtime.mock.java.io.MockFileReader.<init>(MockFileReader.java:66)
	at org.evosuite.runtime.mock.java.io.MockFileReader.<init>(MockFileReader.java:51)
	at edu.illinois.yasgl.DirectedGraph.fromGiraphString(DirectedGraph.java:132)
	at edu.illinois.starts.helpers.YasglHelper_ESTest.test20(YasglHelper_ESTest.java:323)
	at sun.reflect.NativeMethodAccessorImpl.invoke0(Native Method)
	at sun.reflect.NativeMethodAccessorImpl.invoke(NativeMethodAccessorImpl.java:62)
	at sun.reflect.DelegatingMethodAccessorImpl.invoke(DelegatingMethodAccessorImpl.java:43)
	at java.lang.reflect.Method.invoke(Method.java:498)
	at org.junit.runners.model.FrameworkMethod$1.runReflectiveCall(FrameworkMethod.java:50)
	at org.junit.internal.runners.model.ReflectiveCallable.run(ReflectiveCallable.java:12)
	at org.junit.runners.model.FrameworkMethod.invokeExplosively(FrameworkMethod.java:47)
	at org.junit.internal.runners.statements.InvokeMethod.evaluate(InvokeMethod.java:17)
	at org.junit.internal.runners.statements.FailOnTimeout$CallableStatement.call(FailOnTimeout.java:298)
	at org.junit.internal.runners.statements.FailOnTimeout$CallableStatement.call(FailOnTimeout.java:292)
	at java.util.concurrent.FutureTask.run(FutureTask.java:266)
	at java.lang.Thread.run(Thread.java:745)
java.io.FileNotFoundException
	at org.evosuite.runtime.mock.java.io.MockFileInputStream.<init>(MockFileInputStream.java:86)
	at org.evosuite.runtime.mock.java.io.MockFileReader.<init>(MockFileReader.java:66)
	at org.evosuite.runtime.mock.java.io.MockFileReader.<init>(MockFileReader.java:51)
	at edu.illinois.yasgl.DirectedGraph.fromGiraphString(DirectedGraph.java:132)
	at edu.illinois.starts.helpers.YasglHelper_ESTest.test00(YasglHelper_ESTest.java:36)
	at sun.reflect.NativeMethodAccessorImpl.invoke0(Native Method)
	at sun.reflect.NativeMethodAccessorImpl.invoke(NativeMethodAccessorImpl.java:62)
	at sun.reflect.DelegatingMethodAccessorImpl.invoke(DelegatingMethodAccessorImpl.java:43)
	at java.lang.reflect.Method.invoke(Method.java:498)
	at org.junit.runners.model.FrameworkMethod$1.runReflectiveCall(FrameworkMethod.java:50)
	at org.junit.internal.runners.model.ReflectiveCallable.run(ReflectiveCallable.java:12)
	at org.junit.runners.model.FrameworkMethod.invokeExplosively(FrameworkMethod.java:47)
	at org.junit.internal.runners.statements.InvokeMethod.evaluate(InvokeMethod.java:17)
	at org.junit.internal.runners.statements.FailOnTimeout$CallableStatement.call(FailOnTimeout.java:298)
	at org.junit.internal.runners.statements.FailOnTimeout$CallableStatement.call(FailOnTimeout.java:292)
	at java.util.concurrent.FutureTask.run(FutureTask.java:266)
	at java.lang.Thread.run(Thread.java:745)
java.io.FileNotFoundException
	at org.evosuite.runtime.mock.java.io.MockFileInputStream.<init>(MockFileInputStream.java:86)
	at org.evosuite.runtime.mock.java.io.MockFileReader.<init>(MockFileReader.java:66)
	at org.evosuite.runtime.mock.java.io.MockFileReader.<init>(MockFileReader.java:51)
	at edu.illinois.yasgl.DirectedGraph.fromGiraphString(DirectedGraph.java:132)
	at edu.illinois.starts.helpers.YasglHelper_ESTest.test11(YasglHelper_ESTest.java:209)
	at sun.reflect.NativeMethodAccessorImpl.invoke0(Native Method)
	at sun.reflect.NativeMethodAccessorImpl.invoke(NativeMethodAccessorImpl.java:62)
	at sun.reflect.DelegatingMethodAccessorImpl.invoke(DelegatingMethodAccessorImpl.java:43)
	at java.lang.reflect.Method.invoke(Method.java:498)
	at org.junit.runners.model.FrameworkMethod$1.runReflectiveCall(FrameworkMethod.java:50)
	at org.junit.internal.runners.model.ReflectiveCallable.run(ReflectiveCallable.java:12)
	at org.junit.runners.model.FrameworkMethod.invokeExplosively(FrameworkMethod.java:47)
	at org.junit.internal.runners.statements.InvokeMethod.evaluate(InvokeMethod.java:17)
	at org.junit.internal.runners.statements.FailOnTimeout$CallableStatement.call(FailOnTimeout.java:298)
	at org.junit.internal.runners.statements.FailOnTimeout$CallableStatement.call(FailOnTimeout.java:292)
	at java.util.concurrent.FutureTask.run(FutureTask.java:266)
	at java.lang.Thread.run(Thread.java:745)
java.io.FileNotFoundException
	at org.evosuite.runtime.mock.java.io.MockFileInputStream.<init>(MockFileInputStream.java:86)
	at org.evosuite.runtime.mock.java.io.MockFileReader.<init>(MockFileReader.java:66)
	at org.evosuite.runtime.mock.java.io.MockFileReader.<init>(MockFileReader.java:51)
	at edu.illinois.yasgl.DirectedGraph.fromGiraphString(DirectedGraph.java:132)
	at edu.illinois.starts.helpers.YasglHelper_ESTest.test22(YasglHelper_ESTest.java:340)
	at sun.reflect.NativeMethodAccessorImpl.invoke0(Native Method)
	at sun.reflect.NativeMethodAccessorImpl.invoke(NativeMethodAccessorImpl.java:62)
	at sun.reflect.DelegatingMethodAccessorImpl.invoke(DelegatingMethodAccessorImpl.java:43)
	at java.lang.reflect.Method.invoke(Method.java:498)
	at org.junit.runners.model.FrameworkMethod$1.runReflectiveCall(FrameworkMethod.java:50)
	at org.junit.internal.runners.model.ReflectiveCallable.run(ReflectiveCallable.java:12)
	at org.junit.runners.model.FrameworkMethod.invokeExplosively(FrameworkMethod.java:47)
	at org.junit.internal.runners.statements.InvokeMethod.evaluate(InvokeMethod.java:17)
	at org.junit.internal.runners.statements.FailOnTimeout$CallableStatement.call(FailOnTimeout.java:298)
	at org.junit.internal.runners.statements.FailOnTimeout$CallableStatement.call(FailOnTimeout.java:292)
	at java.util.concurrent.FutureTask.run(FutureTask.java:266)
	at java.lang.Thread.run(Thread.java:745)
java.io.FileNotFoundException
	at org.evosuite.runtime.mock.java.io.MockFileInputStream.<init>(MockFileInputStream.java:86)
	at org.evosuite.runtime.mock.java.io.MockFileReader.<init>(MockFileReader.java:66)
	at org.evosuite.runtime.mock.java.io.MockFileReader.<init>(MockFileReader.java:51)
	at edu.illinois.yasgl.DirectedGraph.fromGiraphString(DirectedGraph.java:132)
	at edu.illinois.starts.helpers.YasglHelper_ESTest.test03(YasglHelper_ESTest.java:82)
	at sun.reflect.NativeMethodAccessorImpl.invoke0(Native Method)
	at sun.reflect.NativeMethodAccessorImpl.invoke(NativeMethodAccessorImpl.java:62)
	at sun.reflect.DelegatingMethodAccessorImpl.invoke(DelegatingMethodAccessorImpl.java:43)
	at java.lang.reflect.Method.invoke(Method.java:498)
	at org.junit.runners.model.FrameworkMethod$1.runReflectiveCall(FrameworkMethod.java:50)
	at org.junit.internal.runners.model.ReflectiveCallable.run(ReflectiveCallable.java:12)
	at org.junit.runners.model.FrameworkMethod.invokeExplosively(FrameworkMethod.java:47)
	at org.junit.internal.runners.statements.InvokeMethod.evaluate(InvokeMethod.java:17)
	at org.junit.internal.runners.statements.FailOnTimeout$CallableStatement.call(FailOnTimeout.java:298)
	at org.junit.internal.runners.statements.FailOnTimeout$CallableStatement.call(FailOnTimeout.java:292)
	at java.util.concurrent.FutureTask.run(FutureTask.java:266)
	at java.lang.Thread.run(Thread.java:745)
java.io.FileNotFoundException
	at org.evosuite.runtime.mock.java.io.MockFileInputStream.<init>(MockFileInputStream.java:86)
	at org.evosuite.runtime.mock.java.io.MockFileReader.<init>(MockFileReader.java:66)
	at org.evosuite.runtime.mock.java.io.MockFileReader.<init>(MockFileReader.java:51)
	at edu.illinois.yasgl.DirectedGraph.fromGiraphString(DirectedGraph.java:132)
	at edu.illinois.starts.helpers.YasglHelper_ESTest.test14(YasglHelper_ESTest.java:256)
	at sun.reflect.NativeMethodAccessorImpl.invoke0(Native Method)
	at sun.reflect.NativeMethodAccessorImpl.invoke(NativeMethodAccessorImpl.java:62)
	at sun.reflect.DelegatingMethodAccessorImpl.invoke(DelegatingMethodAccessorImpl.java:43)
	at java.lang.reflect.Method.invoke(Method.java:498)
	at org.junit.runners.model.FrameworkMethod$1.runReflectiveCall(FrameworkMethod.java:50)
	at org.junit.internal.runners.model.ReflectiveCallable.run(ReflectiveCallable.java:12)
	at org.junit.runners.model.FrameworkMethod.invokeExplosively(FrameworkMethod.java:47)
	at org.junit.internal.runners.statements.InvokeMethod.evaluate(InvokeMethod.java:17)
	at org.junit.internal.runners.statements.FailOnTimeout$CallableStatement.call(FailOnTimeout.java:298)
	at org.junit.internal.runners.statements.FailOnTimeout$CallableStatement.call(FailOnTimeout.java:292)
	at java.util.concurrent.FutureTask.run(FutureTask.java:266)
	at java.lang.Thread.run(Thread.java:745)
java.io.IOException: Is a directory
	at sun.nio.ch.FileDispatcherImpl.read0(Native Method)
	at sun.nio.ch.FileDispatcherImpl.read(FileDispatcherImpl.java:46)
	at sun.nio.ch.IOUtil.readIntoNativeBuffer(IOUtil.java:223)
	at sun.nio.ch.IOUtil.read(IOUtil.java:197)
	at sun.nio.ch.FileChannelImpl.read(FileChannelImpl.java:159)
	at sun.nio.ch.ChannelInputStream.read(ChannelInputStream.java:65)
	at sun.nio.ch.ChannelInputStream.read(ChannelInputStream.java:109)
	at sun.nio.ch.ChannelInputStream.read(ChannelInputStream.java:103)
	at sun.nio.cs.StreamDecoder.readBytes(StreamDecoder.java:284)
	at sun.nio.cs.StreamDecoder.implRead(StreamDecoder.java:326)
	at sun.nio.cs.StreamDecoder.read(StreamDecoder.java:178)
	at java.io.InputStreamReader.read(InputStreamReader.java:184)
	at java.io.BufferedReader.fill(BufferedReader.java:161)
	at java.io.BufferedReader.readLine(BufferedReader.java:324)
	at java.io.BufferedReader.readLine(BufferedReader.java:389)
	at java.nio.file.Files.readAllLines(Files.java:3205)
	at edu.illinois.starts.helpers.YasglHelper.addEdgesToBuilder(YasglHelper.java:93)
	at edu.illinois.starts.helpers.YasglHelper_ESTest.test14(YasglHelper_ESTest.java:258)
	at sun.reflect.NativeMethodAccessorImpl.invoke0(Native Method)
	at sun.reflect.NativeMethodAccessorImpl.invoke(NativeMethodAccessorImpl.java:62)
	at sun.reflect.DelegatingMethodAccessorImpl.invoke(DelegatingMethodAccessorImpl.java:43)
	at java.lang.reflect.Method.invoke(Method.java:498)
	at org.junit.runners.model.FrameworkMethod$1.runReflectiveCall(FrameworkMethod.java:50)
	at org.junit.internal.runners.model.ReflectiveCallable.run(ReflectiveCallable.java:12)
	at org.junit.runners.model.FrameworkMethod.invokeExplosively(FrameworkMethod.java:47)
	at org.junit.internal.runners.statements.InvokeMethod.evaluate(InvokeMethod.java:17)
	at org.junit.internal.runners.statements.FailOnTimeout$CallableStatement.call(FailOnTimeout.java:298)
	at org.junit.internal.runners.statements.FailOnTimeout$CallableStatement.call(FailOnTimeout.java:292)
	at java.util.concurrent.FutureTask.run(FutureTask.java:266)
	at java.lang.Thread.run(Thread.java:745)
java.io.EOFException
	at java.util.zip.GZIPInputStream.readUByte(GZIPInputStream.java:268)
	at java.util.zip.GZIPInputStream.readUShort(GZIPInputStream.java:258)
	at java.util.zip.GZIPInputStream.readHeader(GZIPInputStream.java:164)
	at java.util.zip.GZIPInputStream.<init>(GZIPInputStream.java:79)
	at java.util.zip.GZIPInputStream.<init>(GZIPInputStream.java:91)
	at edu.illinois.starts.helpers.YasglHelper.readZipToBuilder(YasglHelper.java:49)
	at edu.illinois.starts.helpers.YasglHelper.addEdgesToBuilder(YasglHelper.java:98)
	at edu.illinois.starts.helpers.YasglHelper_ESTest.test13(YasglHelper_ESTest.java:247)
	at sun.reflect.NativeMethodAccessorImpl.invoke0(Native Method)
	at sun.reflect.NativeMethodAccessorImpl.invoke(NativeMethodAccessorImpl.java:62)
	at sun.reflect.DelegatingMethodAccessorImpl.invoke(DelegatingMethodAccessorImpl.java:43)
	at java.lang.reflect.Method.invoke(Method.java:498)
	at org.junit.runners.model.FrameworkMethod$1.runReflectiveCall(FrameworkMethod.java:50)
	at org.junit.internal.runners.model.ReflectiveCallable.run(ReflectiveCallable.java:12)
	at org.junit.runners.model.FrameworkMethod.invokeExplosively(FrameworkMethod.java:47)
	at org.junit.internal.runners.statements.InvokeMethod.evaluate(InvokeMethod.java:17)
	at org.junit.internal.runners.statements.FailOnTimeout$CallableStatement.call(FailOnTimeout.java:298)
	at org.junit.internal.runners.statements.FailOnTimeout$CallableStatement.call(FailOnTimeout.java:292)
	at java.util.concurrent.FutureTask.run(FutureTask.java:266)
	at java.lang.Thread.run(Thread.java:745)
..Tests run: 23, Failures: 0, Errors: 0, Skipped: 0, Time elapsed: 0.766 sec
Running edu.illinois.starts.helpers.YasglHelperTest
...Tests run: 7, Failures: 0, Errors: 0, Skipped: 0, Time elapsed: 0.02 sec
Running edu.illinois.starts.helpers.ZLCHelper_ESTest
java.nio.file.NoSuchFileException: /Users/Peifeng/Desktop/Study/Topics-in-Software-Engineering/GitLab/evosuite/case_study/starts/starts-core/: /deps.zlc
	at sun.nio.fs.UnixException.translateToIOException(UnixException.java:86)
	at sun.nio.fs.UnixException.rethrowAsIOException(UnixException.java:102)
	at sun.nio.fs.UnixException.rethrowAsIOException(UnixException.java:107)
	at sun.nio.fs.UnixFileSystemProvider.newByteChannel(UnixFileSystemProvider.java:214)
	at java.nio.file.Files.newByteChannel(Files.java:361)
	at java.nio.file.Files.newByteChannel(Files.java:407)
	at java.nio.file.spi.FileSystemProvider.newInputStream(FileSystemProvider.java:384)
	at java.nio.file.Files.newInputStream(Files.java:152)
	at java.nio.file.Files.newBufferedReader(Files.java:2784)
	at java.nio.file.Files.readAllLines(Files.java:3202)
	at edu.illinois.starts.helpers.ZLCHelper.getExistingClasses(ZLCHelper.java:193)
	at edu.illinois.starts.helpers.ZLCHelper_ESTest.test1(ZLCHelper_ESTest.java:54)
	at sun.reflect.NativeMethodAccessorImpl.invoke0(Native Method)
	at sun.reflect.NativeMethodAccessorImpl.invoke(NativeMethodAccessorImpl.java:62)
	at sun.reflect.DelegatingMethodAccessorImpl.invoke(DelegatingMethodAccessorImpl.java:43)
	at java.lang.reflect.Method.invoke(Method.java:498)
	at org.junit.runners.model.FrameworkMethod$1.runReflectiveCall(FrameworkMethod.java:50)
	at org.junit.internal.runners.model.ReflectiveCallable.run(ReflectiveCallable.java:12)
	at org.junit.runners.model.FrameworkMethod.invokeExplosively(FrameworkMethod.java:47)
	at org.junit.internal.runners.statements.InvokeMethod.evaluate(InvokeMethod.java:17)
	at org.junit.internal.runners.statements.FailOnTimeout$CallableStatement.call(FailOnTimeout.java:298)
	at org.junit.internal.runners.statements.FailOnTimeout$CallableStatement.call(FailOnTimeout.java:292)
	at java.util.concurrent.FutureTask.run(FutureTask.java:266)
	at java.lang.Thread.run(Thread.java:745)
java.nio.file.NoSuchFileException: /Users/Peifeng/Desktop/Study/Topics-in-Software-Engineering/GitLab/evosuite/case_study/starts/starts-core/: /deps.zlc
	at sun.nio.fs.UnixException.translateToIOException(UnixException.java:86)
	at sun.nio.fs.UnixException.rethrowAsIOException(UnixException.java:102)
	at sun.nio.fs.UnixException.rethrowAsIOException(UnixException.java:107)
	at sun.nio.fs.UnixFileSystemProvider.newByteChannel(UnixFileSystemProvider.java:214)
	at java.nio.file.Files.newByteChannel(Files.java:361)
	at java.nio.file.Files.newByteChannel(Files.java:407)
	at java.nio.file.spi.FileSystemProvider.newInputStream(FileSystemProvider.java:384)
	at java.nio.file.Files.newInputStream(Files.java:152)
	at java.nio.file.Files.newBufferedReader(Files.java:2784)
	at java.nio.file.Files.readAllLines(Files.java:3202)
	at edu.illinois.starts.helpers.ZLCHelper.getChangedData(ZLCHelper.java:136)
	at edu.illinois.starts.helpers.ZLCHelper_ESTest.test3(ZLCHelper_ESTest.java:69)
	at sun.reflect.NativeMethodAccessorImpl.invoke0(Native Method)
	at sun.reflect.NativeMethodAccessorImpl.invoke(NativeMethodAccessorImpl.java:62)
	at sun.reflect.DelegatingMethodAccessorImpl.invoke(DelegatingMethodAccessorImpl.java:43)
	at java.lang.reflect.Method.invoke(Method.java:498)
	at org.junit.runners.model.FrameworkMethod$1.runReflectiveCall(FrameworkMethod.java:50)
	at org.junit.internal.runners.model.ReflectiveCallable.run(ReflectiveCallable.java:12)
	at org.junit.runners.model.FrameworkMethod.invokeExplosively(FrameworkMethod.java:47)
	at org.junit.internal.runners.statements.InvokeMethod.evaluate(InvokeMethod.java:17)
	at org.junit.internal.runners.statements.FailOnTimeout$CallableStatement.call(FailOnTimeout.java:298)
	at org.junit.internal.runners.statements.FailOnTimeout$CallableStatement.call(FailOnTimeout.java:292)
	at java.util.concurrent.FutureTask.run(FutureTask.java:266)
	at java.lang.Thread.run(Thread.java:745)
Tests run: 9, Failures: 0, Errors: 0, Skipped: 0, Time elapsed: 3.164 sec
Running edu.illinois.starts.maven.AgentLoader_ESTest
Tests run: 5, Failures: 0, Errors: 0, Skipped: 0, Time elapsed: 0.152 sec
Running edu.illinois.starts.maven.JavaAgent_ESTest
Tests run: 3, Failures: 0, Errors: 0, Skipped: 0, Time elapsed: 0.155 sec
Running edu.illinois.starts.maven.SurefireMojoInterceptor_ESTest
Tests run: 2, Failures: 0, Errors: 0, Skipped: 0, Time elapsed: 0.018 sec
Running edu.illinois.starts.util.ChecksumUtil_ESTest
java.io.IOException: Simulated IOException
	at org.evosuite.runtime.vfs.VirtualFileSystem.throwSimuledIOExceptionIfNeeded(VirtualFileSystem.java:172)
	at org.evosuite.runtime.mock.java.io.MockFile.createNewFile(MockFile.java:453)
	at edu.illinois.starts.util.ChecksumUtil.writeChecksumFile(ChecksumUtil.java:109)
	at edu.illinois.starts.util.ChecksumUtil_ESTest.test00(ChecksumUtil_ESTest.java:35)
	at sun.reflect.NativeMethodAccessorImpl.invoke0(Native Method)
	at sun.reflect.NativeMethodAccessorImpl.invoke(NativeMethodAccessorImpl.java:62)
	at sun.reflect.DelegatingMethodAccessorImpl.invoke(DelegatingMethodAccessorImpl.java:43)
	at java.lang.reflect.Method.invoke(Method.java:498)
	at org.junit.runners.model.FrameworkMethod$1.runReflectiveCall(FrameworkMethod.java:50)
	at org.junit.internal.runners.model.ReflectiveCallable.run(ReflectiveCallable.java:12)
	at org.junit.runners.model.FrameworkMethod.invokeExplosively(FrameworkMethod.java:47)
	at org.junit.internal.runners.statements.InvokeMethod.evaluate(InvokeMethod.java:17)
	at org.junit.internal.runners.statements.FailOnTimeout$CallableStatement.call(FailOnTimeout.java:298)
	at org.junit.internal.runners.statements.FailOnTimeout$CallableStatement.call(FailOnTimeout.java:292)
	at java.util.concurrent.FutureTask.run(FutureTask.java:266)
	at java.lang.Thread.run(Thread.java:745)
java.io.FileNotFoundException
	at org.evosuite.runtime.mock.java.io.MockFileOutputStream.<init>(MockFileOutputStream.java:104)
	at edu.illinois.starts.util.ChecksumUtil.writeChecksumFile(ChecksumUtil.java:110)
	at edu.illinois.starts.util.ChecksumUtil_ESTest.test01(ChecksumUtil_ESTest.java:43)
	at sun.reflect.NativeMethodAccessorImpl.invoke0(Native Method)
	at sun.reflect.NativeMethodAccessorImpl.invoke(NativeMethodAccessorImpl.java:62)
	at sun.reflect.DelegatingMethodAccessorImpl.invoke(DelegatingMethodAccessorImpl.java:43)
	at java.lang.reflect.Method.invoke(Method.java:498)
	at org.junit.runners.model.FrameworkMethod$1.runReflectiveCall(FrameworkMethod.java:50)
	at org.junit.internal.runners.model.ReflectiveCallable.run(ReflectiveCallable.java:12)
	at org.junit.runners.model.FrameworkMethod.invokeExplosively(FrameworkMethod.java:47)
	at org.junit.internal.runners.statements.InvokeMethod.evaluate(InvokeMethod.java:17)
	at org.junit.internal.runners.statements.FailOnTimeout$CallableStatement.call(FailOnTimeout.java:298)
	at org.junit.internal.runners.statements.FailOnTimeout$CallableStatement.call(FailOnTimeout.java:292)
	at java.util.concurrent.FutureTask.run(FutureTask.java:266)
	at java.lang.Thread.run(Thread.java:745)
Tests run: 25, Failures: 0, Errors: 0, Skipped: 0, Time elapsed: 0.209 sec
Running edu.illinois.starts.util.Logger_ESTest
CONFIG: /&F%N
org.evosuite.runtime.mock.java.lang.MockThrowable
CONFIG: /&F%N
Tests run: 5, Failures: 0, Errors: 0, Skipped: 0, Time elapsed: 0.015 sec

Results :

Failed tests:   test02(edu.illinois.starts.asm.Item_ESTest)

Tests in error:
  test13(edu.illinois.starts.helpers.Loadables_ESTest): org.apache.maven.surefire.booter.Classpath.<init>(Ljava/util/Collection;)V
  test14(edu.illinois.starts.helpers.Loadables_ESTest): org.apache.maven.surefire.booter.Classpath.<init>(Ljava/util/Collection;)V
  test04(edu.illinois.starts.helpers.Loadables_ESTest): org.apache.maven.surefire.booter.Classpath.<init>(Ljava/util/Collection;)V
  test15(edu.illinois.starts.helpers.Loadables_ESTest): org.apache.maven.surefire.booter.Classpath.<init>(Ljava/util/Collection;)V
  test05(edu.illinois.starts.helpers.Loadables_ESTest): org.apache.maven.surefire.booter.Classpath.<init>(Ljava/util/Collection;)V
  test16(edu.illinois.starts.helpers.Loadables_ESTest): org.apache.maven.surefire.booter.Classpath.<init>(Ljava/util/Collection;)V
  test00(edu.illinois.starts.helpers.Loadables_ESTest): org.apache.maven.surefire.booter.Classpath.<init>(Ljava/util/Collection;)V
  test11(edu.illinois.starts.helpers.Loadables_ESTest): org.apache.maven.surefire.booter.Classpath.<init>(Ljava/util/Collection;)V
  test01(edu.illinois.starts.helpers.Loadables_ESTest): org.apache.maven.surefire.booter.Classpath.<init>(Ljava/util/Collection;)V
  test12(edu.illinois.starts.helpers.Loadables_ESTest): org.apache.maven.surefire.booter.Classpath.<init>(Ljava/util/Collection;)V
  test07(edu.illinois.starts.helpers.Loadables_ESTest): org.apache.maven.surefire.booter.Classpath.<init>(Ljava/util/Collection;)V
  test08(edu.illinois.starts.helpers.Loadables_ESTest): org.apache.maven.surefire.booter.Classpath.<init>(Ljava/util/Collection;)V
  edu.illinois.starts.helpers.Writer_ESTest: (..)

Tests run: 806, Failures: 1, Errors: 13, Skipped: 0

[INFO] ------------------------------------------------------------------------
[INFO] Reactor Summary:
[INFO]
[INFO] STARTS ............................................. SUCCESS [  5.270 s]
[INFO] starts-core ........................................ FAILURE [ 27.701 s]
[INFO] STARTS Maven Plugin ................................ SKIPPED
[INFO] ------------------------------------------------------------------------
[INFO] BUILD FAILURE
[INFO] ------------------------------------------------------------------------
[INFO] Total time: 34.641 s
[INFO] Finished at: 2017-10-29T22:30:43-07:00
[INFO] Final Memory: 26M/309M
[INFO] ------------------------------------------------------------------------
[ERROR] Failed to execute goal org.apache.maven.plugins:maven-surefire-plugin:2.12.4:test (default-test) on project starts-core: There are test failures.
[ERROR]
[ERROR] Please refer to /Users/Peifeng/Desktop/Study/Topics-in-Software-Engineering/GitLab/evosuite/case_study/starts/starts-core/target/surefire-reports for the individual test results.
[ERROR] -> [Help 1]
[ERROR]
[ERROR] To see the full stack trace of the errors, re-run Maven with the -e switch.
[ERROR] Re-run Maven using the -X switch to enable full debug logging.
[ERROR]
[ERROR] For more information about the errors and possible solutions, please read the following articles:
[ERROR] [Help 1] http://cwiki.apache.org/confluence/display/MAVEN/MojoFailureException
[ERROR]
[ERROR] After correcting the problems, you can resume the build with the command
[ERROR]   mvn <goals> -rf :starts-core